-------------------------------------------------------------------------------
Test set: com.parkit.parkingsystem.FareCalculatorServiceTest
-------------------------------------------------------------------------------
Tests run: 9, Failures: 7, Errors: 0, Skipped: 0, Time elapsed: 0.05 s <<< FAILURE! - in com.parkit.parkingsystem.FareCalculatorServiceTest
calculateFivePerCentDiscountForRecuringUsers  Time elapsed: 0.03 s  <<< FAILURE!
org.opentest4j.AssertionFailedError: expected: <1.4249999999999998> but was: <5130000.0>
	at com.parkit.parkingsystem.FareCalculatorServiceTest.calculateFivePerCentDiscountForRecuringUsers(FareCalculatorServiceTest.java:154)

calculateFareVehicleWithLessThanThirtyMinutesParkingTime  Time elapsed: 0 s  <<< FAILURE!
org.opentest4j.AssertionFailedError: expected: <0.0> but was: <2520000.0>
	at com.parkit.parkingsystem.FareCalculatorServiceTest.calculateFareVehicleWithLessThanThirtyMinutesParkingTime(FareCalculatorServiceTest.java:137)

calculateFareCarWithLessThanOneHourParkingTime  Time elapsed: 0 s  <<< FAILURE!
org.opentest4j.AssertionFailedError: expected: <1.125> but was: <4050000.0>
	at com.parkit.parkingsystem.FareCalculatorServiceTest.calculateFareCarWithLessThanOneHourParkingTime(FareCalculatorServiceTest.java:110)

calculateFareCar  Time elapsed: 0.01 s  <<< FAILURE!
org.opentest4j.AssertionFailedError: expected: <5400000.0> but was: <1.5>
	at com.parkit.parkingsystem.FareCalculatorServiceTest.calculateFareCar(FareCalculatorServiceTest.java:42)

calculateFareBike  Time elapsed: 0 s  <<< FAILURE!
org.opentest4j.AssertionFailedError: expected: <3600000.0> but was: <1.0>
	at com.parkit.parkingsystem.FareCalculatorServiceTest.calculateFareBike(FareCalculatorServiceTest.java:56)

calculateFareCarWithMoreThanADayParkingTime  Time elapsed: 0 s  <<< FAILURE!
org.opentest4j.AssertionFailedError: expected: <36.0> but was: <1.296E8>
	at com.parkit.parkingsystem.FareCalculatorServiceTest.calculateFareCarWithMoreThanADayParkingTime(FareCalculatorServiceTest.java:124)

calculateFareBikeWithLessThanOneHourParkingTime  Time elapsed: 0 s  <<< FAILURE!
org.opentest4j.AssertionFailedError: expected: <0.75> but was: <2700000.0>
	at com.parkit.parkingsystem.FareCalculatorServiceTest.calculateFareBikeWithLessThanOneHourParkingTime(FareCalculatorServiceTest.java:96)

